# JRE version: OpenJDK Runtime Environment Microsoft-10800295 (17.0.14+7) (build 17.0.14+7-LTS)
# Java VM: OpenJDK 64-Bit Server VM Microsoft-10800295 (17.0.14+7-LTS, mixed mode, sharing, tiered, compressed oops, compressed class ptrs, g1 gc, windows-amd64)
GC Precious Log:
 CPUs: 12 total, 12 available
 Memory: 7916M
 Large Page Support: Disabled
 NUMA Support: Disabled
 Compressed Oops: Enabled (32-bit)
 Heap Region Size: 1M
 Heap Min Capacity: 8M
 Heap Initial Capacity: 124M
 Heap Max Capacity: 2G
 Pre-touch: Disabled
 Parallel Workers: 10
 Concurrent Workers: 3
 Concurrent Refinement Workers: 10
 Periodic GC: Disabled
Heap:
 garbage-first heap   total 358400K, used 296551K [0x0000000080000000, 0x0000000100000000)
  region size 1024K, 79 young (80896K), 10 survivors (10240K)
 Metaspace       used 110962K, committed 112320K, reserved 557056K
  class space    used 15574K, committed 16192K, reserved 425984K
GC Heap History (20 events):
Event: 15.659 GC heap before
{Heap before GC invocations=37 (full 0):
 garbage-first heap   total 358400K, used 281838K [0x0000000080000000, 0x0000000100000000)
  region size 1024K, 168 young (172032K), 9 survivors (9216K)
 Metaspace       used 95312K, committed 96384K, reserved 557056K
  class space    used 13471K, committed 13952K, reserved 425984K
}
Event: 15.672 GC heap after
{Heap after GC invocations=38 (full 0):
 garbage-first heap   total 358400K, used 130170K [0x0000000080000000, 0x0000000100000000)
  region size 1024K, 19 young (19456K), 19 survivors (19456K)
 Metaspace       used 95312K, committed 96384K, reserved 557056K
  class space    used 13471K, committed 13952K, reserved 425984K
}
Event: 16.634 GC heap before
{Heap before GC invocations=38 (full 0):
 garbage-first heap   total 358400K, used 287866K [0x0000000080000000, 0x0000000100000000)
  region size 1024K, 170 young (174080K), 19 survivors (19456K)
 Metaspace       used 96640K, committed 97728K, reserved 557056K
  class space    used 13647K, committed 14144K, reserved 425984K
}
Event: 16.651 GC heap after
{Heap after GC invocations=39 (full 0):
 garbage-first heap   total 358400K, used 150074K [0x0000000080000000, 0x0000000100000000)
  region size 1024K, 19 young (19456K), 19 survivors (19456K)
 Metaspace       used 96640K, committed 97728K, reserved 557056K
  class space    used 13647K, committed 14144K, reserved 425984K
}
Event: 17.365 GC heap before
{Heap before GC invocations=39 (full 0):
 garbage-first heap   total 358400K, used 284218K [0x0000000080000000, 0x0000000100000000)
  region size 1024K, 148 young (151552K), 19 survivors (19456K)
 Metaspace       used 97459K, committed 98560K, reserved 557056K
  class space    used 13789K, committed 14272K, reserved 425984K
}
Event: 17.377 GC heap after
{Heap after GC invocations=40 (full 0):
 garbage-first heap   total 358400K, used 163916K [0x0000000080000000, 0x0000000100000000)
  region size 1024K, 14 young (14336K), 14 survivors (14336K)
 Metaspace       used 97459K, committed 98560K, reserved 557056K
  class space    used 13789K, committed 14272K, reserved 425984K
}
Event: 18.655 GC heap before
{Heap before GC invocations=40 (full 0):
 garbage-first heap   total 358400K, used 283724K [0x0000000080000000, 0x0000000100000000)
  region size 1024K, 131 young (134144K), 14 survivors (14336K)
 Metaspace       used 103880K, committed 105024K, reserved 557056K
  class space    used 14665K, committed 15168K, reserved 425984K
}
Event: 18.667 GC heap after
{Heap after GC invocations=41 (full 0):
 garbage-first heap   total 358400K, used 171447K [0x0000000080000000, 0x0000000100000000)
  region size 1024K, 9 young (9216K), 9 survivors (9216K)
 Metaspace       used 103880K, committed 105024K, reserved 557056K
  class space    used 14665K, committed 15168K, reserved 425984K
}
Event: 19.238 GC heap before
{Heap before GC invocations=41 (full 0):
 garbage-first heap   total 358400K, used 286135K [0x0000000080000000, 0x0000000100000000)
  region size 1024K, 122 young (124928K), 9 survivors (9216K)
 Metaspace       used 104235K, committed 105472K, reserved 557056K
  class space    used 14702K, committed 15232K, reserved 425984K
}
Event: 19.253 GC heap after
{Heap after GC invocations=42 (full 0):
 garbage-first heap   total 358400K, used 189217K [0x0000000080000000, 0x0000000100000000)
  region size 1024K, 16 young (16384K), 16 survivors (16384K)
 Metaspace       used 104235K, committed 105472K, reserved 557056K
  class space    used 14702K, committed 15232K, reserved 425984K
}
Event: 19.805 GC heap before
{Heap before GC invocations=42 (full 0):
 garbage-first heap   total 358400K, used 286497K [0x0000000080000000, 0x0000000100000000)
  region size 1024K, 111 young (113664K), 16 survivors (16384K)
 Metaspace       used 104567K, committed 105792K, reserved 557056K
  class space    used 14740K, committed 15296K, reserved 425984K
}
Event: 19.818 GC heap after
{Heap after GC invocations=43 (full 0):
 garbage-first heap   total 358400K, used 197263K [0x0000000080000000, 0x0000000100000000)
  region size 1024K, 10 young (10240K), 10 survivors (10240K)
 Metaspace       used 104567K, committed 105792K, reserved 557056K
  class space    used 14740K, committed 15296K, reserved 425984K
}
Event: 19.992 GC heap before
{Heap before GC invocations=43 (full 0):
 garbage-first heap   total 358400K, used 287375K [0x0000000080000000, 0x0000000100000000)
  region size 1024K, 99 young (101376K), 10 survivors (10240K)
 Metaspace       used 104567K, committed 105792K, reserved 557056K
  class space    used 14740K, committed 15296K, reserved 425984K
}
Event: 19.999 GC heap after
{Heap after GC invocations=44 (full 0):
 garbage-first heap   total 358400K, used 200783K [0x0000000080000000, 0x0000000100000000)
  region size 1024K, 6 young (6144K), 6 survivors (6144K)
 Metaspace       used 104567K, committed 105792K, reserved 557056K
  class space    used 14740K, committed 15296K, reserved 425984K
}
Event: 20.698 GC heap before
{Heap before GC invocations=44 (full 0):
 garbage-first heap   total 358400K, used 296015K [0x0000000080000000, 0x0000000100000000)
  region size 1024K, 96 young (98304K), 6 survivors (6144K)
 Metaspace       used 105084K, committed 106304K, reserved 557056K
  class space    used 14807K, committed 15360K, reserved 425984K
}
Event: 20.706 GC heap after
{Heap after GC invocations=45 (full 0):
 garbage-first heap   total 358400K, used 212585K [0x0000000080000000, 0x0000000100000000)
  region size 1024K, 12 young (12288K), 12 survivors (12288K)
 Metaspace       used 105084K, committed 106304K, reserved 557056K
  class space    used 14807K, committed 15360K, reserved 425984K
}
Event: 21.079 GC heap before
{Heap before GC invocations=45 (full 0):
 garbage-first heap   total 358400K, used 292457K [0x0000000080000000, 0x0000000100000000)
  region size 1024K, 91 young (93184K), 12 survivors (12288K)
 Metaspace       used 105197K, committed 106432K, reserved 557056K
  class space    used 14818K, committed 15360K, reserved 425984K
}
Event: 21.087 GC heap after
{Heap after GC invocations=46 (full 0):
 garbage-first heap   total 358400K, used 217341K [0x0000000080000000, 0x0000000100000000)
  region size 1024K, 7 young (7168K), 7 survivors (7168K)
 Metaspace       used 105197K, committed 106432K, reserved 557056K
  class space    used 14818K, committed 15360K, reserved 425984K
}
Event: 21.643 GC heap before
{Heap before GC invocations=46 (full 0):
 garbage-first heap   total 358400K, used 297213K [0x0000000080000000, 0x0000000100000000)
  region size 1024K, 84 young (86016K), 7 survivors (7168K)
 Metaspace       used 106602K, committed 107840K, reserved 557056K
  class space    used 15012K, committed 15552K, reserved 425984K
}
Event: 21.651 GC heap after
{Heap after GC invocations=47 (full 0):
 garbage-first heap   total 358400K, used 226919K [0x0000000080000000, 0x0000000100000000)
  region size 1024K, 10 young (10240K), 10 survivors (10240K)
 Metaspace       used 106602K, committed 107840K, reserved 557056K
  class space    used 15012K, committed 15552K, reserved 425984K
}

