# JRE version: Java(TM) SE Runtime Environment (20.0+36) (build 20+36-2344)
# Java VM: Java HotSpot(TM) 64-Bit Server VM (20+36-2344, mixed mode, sharing, tiered, compressed oops, compressed class ptrs, g1 gc, windows-amd64)
GC Precious Log:
 CardTable entry size: 512
 Card Set container configuration: InlinePtr #cards 5 size 8 Array Of Cards #cards 12 size 40 Howl #buckets 4 coarsen threshold 1843 Howl Bitmap #cards 512 size 80 coarsen threshold 460 Card regions per heap region 1 cards per card region 2048
 CPUs: 4 total, 4 available
 Memory: 8072M
 Large Page Support: Disabled
 NUMA Support: Disabled
 Compressed Oops: Enabled (32-bit)
 Heap Region Size: 1M
 Heap Min Capacity: 8M
 Heap Initial Capacity: 128M
 Heap Max Capacity: 2G
 Pre-touch: Disabled
 Parallel Workers: 4
 Concurrent Workers: 1
 Concurrent Refinement Workers: 4
 Periodic GC: Disabled
Heap:
 garbage-first heap   total 360448K, used 229086K [0x0000000080000000, 0x0000000100000000)
  region size 1024K, 24 young (24576K), 5 survivors (5120K)
 Metaspace       used 116849K, committed 119744K, reserved 552960K
  class space    used 16272K, committed 17664K, reserved 421888K
GC Heap History (20 events):
Event: 119.406 GC heap before
{Heap before GC invocations=47 (full 0):
 garbage-first heap   total 219136K, used 195289K [0x0000000080000000, 0x0000000100000000)
  region size 1024K, 75 young (76800K), 10 survivors (10240K)
 Metaspace       used 107491K, committed 110208K, reserved 552960K
  class space    used 15010K, committed 16384K, reserved 421888K
}
Event: 119.430 GC heap after
{Heap after GC invocations=48 (full 0):
 garbage-first heap   total 263168K, used 137100K [0x0000000080000000, 0x0000000100000000)
  region size 1024K, 8 young (8192K), 8 survivors (8192K)
 Metaspace       used 107491K, committed 110208K, reserved 552960K
  class space    used 15010K, committed 16384K, reserved 421888K
}
Event: 120.654 GC heap before
{Heap before GC invocations=49 (full 0):
 garbage-first heap   total 263168K, used 233356K [0x0000000080000000, 0x0000000100000000)
  region size 1024K, 103 young (105472K), 8 survivors (8192K)
 Metaspace       used 107492K, committed 110208K, reserved 552960K
  class space    used 15010K, committed 16384K, reserved 421888K
}
Event: 120.683 GC heap after
{Heap after GC invocations=50 (full 0):
 garbage-first heap   total 263168K, used 140034K [0x0000000080000000, 0x0000000100000000)
  region size 1024K, 6 young (6144K), 6 survivors (6144K)
 Metaspace       used 107492K, committed 110208K, reserved 552960K
  class space    used 15010K, committed 16384K, reserved 421888K
}
Event: 123.311 GC heap before
{Heap before GC invocations=50 (full 0):
 garbage-first heap   total 263168K, used 242434K [0x0000000080000000, 0x0000000100000000)
  region size 1024K, 103 young (105472K), 6 survivors (6144K)
 Metaspace       used 108769K, committed 111552K, reserved 552960K
  class space    used 15186K, committed 16576K, reserved 421888K
}
Event: 123.339 GC heap after
{Heap after GC invocations=51 (full 0):
 garbage-first heap   total 266240K, used 155648K [0x0000000080000000, 0x0000000100000000)
  region size 1024K, 13 young (13312K), 13 survivors (13312K)
 Metaspace       used 108769K, committed 111552K, reserved 552960K
  class space    used 15186K, committed 16576K, reserved 421888K
}
Event: 124.249 GC heap before
{Heap before GC invocations=51 (full 0):
 garbage-first heap   total 266240K, used 215040K [0x0000000080000000, 0x0000000100000000)
  region size 1024K, 73 young (74752K), 13 survivors (13312K)
 Metaspace       used 108802K, committed 111616K, reserved 552960K
  class space    used 15190K, committed 16576K, reserved 421888K
}
Event: 124.272 GC heap after
{Heap after GC invocations=52 (full 0):
 garbage-first heap   total 266240K, used 160693K [0x0000000080000000, 0x0000000100000000)
  region size 1024K, 5 young (5120K), 5 survivors (5120K)
 Metaspace       used 108802K, committed 111616K, reserved 552960K
  class space    used 15190K, committed 16576K, reserved 421888K
}
Event: 127.587 GC heap before
{Heap before GC invocations=53 (full 0):
 garbage-first heap   total 288768K, used 247733K [0x0000000080000000, 0x0000000100000000)
  region size 1024K, 87 young (89088K), 5 survivors (5120K)
 Metaspace       used 112299K, committed 115136K, reserved 552960K
  class space    used 15703K, committed 17088K, reserved 421888K
}
Event: 127.610 GC heap after
{Heap after GC invocations=54 (full 0):
 garbage-first heap   total 288768K, used 174080K [0x0000000080000000, 0x0000000100000000)
  region size 1024K, 11 young (11264K), 11 survivors (11264K)
 Metaspace       used 112299K, committed 115136K, reserved 552960K
  class space    used 15703K, committed 17088K, reserved 421888K
}
Event: 130.278 GC heap before
{Heap before GC invocations=54 (full 0):
 garbage-first heap   total 288768K, used 260096K [0x0000000080000000, 0x0000000100000000)
  region size 1024K, 95 young (97280K), 11 survivors (11264K)
 Metaspace       used 116108K, committed 118976K, reserved 552960K
  class space    used 16200K, committed 17600K, reserved 421888K
}
Event: 130.303 GC heap after
{Heap after GC invocations=55 (full 0):
 garbage-first heap   total 288768K, used 179699K [0x0000000080000000, 0x0000000100000000)
  region size 1024K, 8 young (8192K), 8 survivors (8192K)
 Metaspace       used 116108K, committed 118976K, reserved 552960K
  class space    used 16200K, committed 17600K, reserved 421888K
}
Event: 131.632 GC heap before
{Heap before GC invocations=55 (full 0):
 garbage-first heap   total 288768K, used 261619K [0x0000000080000000, 0x0000000100000000)
  region size 1024K, 89 young (91136K), 8 survivors (8192K)
 Metaspace       used 116291K, committed 119104K, reserved 552960K
  class space    used 16217K, committed 17600K, reserved 421888K
}
Event: 131.661 GC heap after
{Heap after GC invocations=56 (full 0):
 garbage-first heap   total 288768K, used 194004K [0x0000000080000000, 0x0000000100000000)
  region size 1024K, 12 young (12288K), 12 survivors (12288K)
 Metaspace       used 116291K, committed 119104K, reserved 552960K
  class space    used 16217K, committed 17600K, reserved 421888K
}
Event: 133.009 GC heap before
{Heap before GC invocations=57 (full 0):
 garbage-first heap   total 360448K, used 255444K [0x0000000080000000, 0x0000000100000000)
  region size 1024K, 73 young (74752K), 12 survivors (12288K)
 Metaspace       used 116291K, committed 119104K, reserved 552960K
  class space    used 16217K, committed 17600K, reserved 421888K
}
Event: 133.031 GC heap after
{Heap after GC invocations=58 (full 0):
 garbage-first heap   total 360448K, used 198144K [0x0000000080000000, 0x0000000100000000)
  region size 1024K, 4 young (4096K), 4 survivors (4096K)
 Metaspace       used 116291K, committed 119104K, reserved 552960K
  class space    used 16217K, committed 17600K, reserved 421888K
}
Event: 134.728 GC heap before
{Heap before GC invocations=58 (full 0):
 garbage-first heap   total 360448K, used 313856K [0x0000000080000000, 0x0000000100000000)
  region size 1024K, 117 young (119808K), 4 survivors (4096K)
 Metaspace       used 116566K, committed 119424K, reserved 552960K
  class space    used 16245K, committed 17664K, reserved 421888K
}
Event: 134.751 GC heap after
{Heap after GC invocations=59 (full 0):
 garbage-first heap   total 360448K, used 204288K [0x0000000080000000, 0x0000000100000000)
  region size 1024K, 12 young (12288K), 12 survivors (12288K)
 Metaspace       used 116566K, committed 119424K, reserved 552960K
  class space    used 16245K, committed 17664K, reserved 421888K
}
Event: 135.309 GC heap before
{Heap before GC invocations=59 (full 0):
 garbage-first heap   total 360448K, used 251392K [0x0000000080000000, 0x0000000100000000)
  region size 1024K, 59 young (60416K), 12 survivors (12288K)
 Metaspace       used 116768K, committed 119616K, reserved 552960K
  class space    used 16271K, committed 17664K, reserved 421888K
}
Event: 135.334 GC heap after
{Heap after GC invocations=60 (full 0):
 garbage-first heap   total 360448K, used 206558K [0x0000000080000000, 0x0000000100000000)
  region size 1024K, 5 young (5120K), 5 survivors (5120K)
 Metaspace       used 116768K, committed 119616K, reserved 552960K
  class space    used 16271K, committed 17664K, reserved 421888K
}

