# JRE version: Java(TM) SE Runtime Environment (20.0+36) (build 20+36-2344)
# Java VM: Java HotSpot(TM) 64-Bit Server VM (20+36-2344, mixed mode, sharing, tiered, compressed oops, compressed class ptrs, g1 gc, windows-amd64)
GC Precious Log:
 CardTable entry size: 512
 Card Set container configuration: InlinePtr #cards 5 size 8 Array Of Cards #cards 12 size 40 Howl #buckets 4 coarsen threshold 1843 Howl Bitmap #cards 512 size 80 coarsen threshold 460 Card regions per heap region 1 cards per card region 2048
 CPUs: 4 total, 4 available
 Memory: 8072M
 Large Page Support: Disabled
 NUMA Support: Disabled
 Compressed Oops: Enabled (32-bit)
 Heap Region Size: 1M
 Heap Min Capacity: 8M
 Heap Initial Capacity: 128M
 Heap Max Capacity: 2G
 Pre-touch: Disabled
 Parallel Workers: 4
 Concurrent Workers: 1
 Concurrent Refinement Workers: 4
 Periodic GC: Disabled
Heap:
 garbage-first heap   total 296960K, used 209732K [0x0000000080000000, 0x0000000100000000)
  region size 1024K, 31 young (31744K), 12 survivors (12288K)
 Metaspace       used 109535K, committed 112256K, reserved 552960K
  class space    used 15392K, committed 16768K, reserved 421888K
GC Heap History (20 events):
Event: 43.628 GC heap before
{Heap before GC invocations=42 (full 0):
 garbage-first heap   total 209920K, used 188487K [0x0000000080000000, 0x0000000100000000)
  region size 1024K, 74 young (75776K), 6 survivors (6144K)
 Metaspace       used 100119K, committed 102656K, reserved 552960K
  class space    used 14046K, committed 15296K, reserved 421888K
}
Event: 43.645 GC heap after
{Heap after GC invocations=43 (full 0):
 garbage-first heap   total 209920K, used 124743K [0x0000000080000000, 0x0000000100000000)
  region size 1024K, 8 young (8192K), 8 survivors (8192K)
 Metaspace       used 100119K, committed 102656K, reserved 552960K
  class space    used 14046K, committed 15296K, reserved 421888K
}
Event: 45.037 GC heap before
{Heap before GC invocations=43 (full 0):
 garbage-first heap   total 209920K, used 189255K [0x0000000080000000, 0x0000000100000000)
  region size 1024K, 72 young (73728K), 8 survivors (8192K)
 Metaspace       used 101811K, committed 104384K, reserved 552960K
  class space    used 14307K, committed 15616K, reserved 421888K
}
Event: 45.062 GC heap after
{Heap after GC invocations=44 (full 0):
 garbage-first heap   total 209920K, used 131729K [0x0000000080000000, 0x0000000100000000)
  region size 1024K, 9 young (9216K), 9 survivors (9216K)
 Metaspace       used 101811K, committed 104384K, reserved 552960K
  class space    used 14307K, committed 15616K, reserved 421888K
}
Event: 45.884 GC heap before
{Heap before GC invocations=44 (full 0):
 garbage-first heap   total 209920K, used 188049K [0x0000000080000000, 0x0000000100000000)
  region size 1024K, 65 young (66560K), 9 survivors (9216K)
 Metaspace       used 101819K, committed 104384K, reserved 552960K
  class space    used 14307K, committed 15616K, reserved 421888K
}
Event: 45.901 GC heap after
{Heap after GC invocations=45 (full 0):
 garbage-first heap   total 209920K, used 135495K [0x0000000080000000, 0x0000000100000000)
  region size 1024K, 5 young (5120K), 5 survivors (5120K)
 Metaspace       used 101819K, committed 104384K, reserved 552960K
  class space    used 14307K, committed 15616K, reserved 421888K
}
Event: 46.574 GC heap before
{Heap before GC invocations=46 (full 0):
 garbage-first heap   total 268288K, used 188743K [0x0000000080000000, 0x0000000100000000)
  region size 1024K, 58 young (59392K), 5 survivors (5120K)
 Metaspace       used 101819K, committed 104384K, reserved 552960K
  class space    used 14307K, committed 15616K, reserved 421888K
}
Event: 46.586 GC heap after
{Heap after GC invocations=47 (full 0):
 garbage-first heap   total 268288K, used 136887K [0x0000000080000000, 0x0000000100000000)
  region size 1024K, 4 young (4096K), 4 survivors (4096K)
 Metaspace       used 101819K, committed 104384K, reserved 552960K
  class space    used 14307K, committed 15616K, reserved 421888K
}
Event: 48.941 GC heap before
{Heap before GC invocations=47 (full 0):
 garbage-first heap   total 268288K, used 244407K [0x0000000080000000, 0x0000000100000000)
  region size 1024K, 106 young (108544K), 4 survivors (4096K)
 Metaspace       used 103189K, committed 105856K, reserved 552960K
  class space    used 14492K, committed 15808K, reserved 421888K
}
Event: 48.969 GC heap after
{Heap after GC invocations=48 (full 0):
 garbage-first heap   total 268288K, used 155555K [0x0000000080000000, 0x0000000100000000)
  region size 1024K, 14 young (14336K), 14 survivors (14336K)
 Metaspace       used 103189K, committed 105856K, reserved 552960K
  class space    used 14492K, committed 15808K, reserved 421888K
}
Event: 50.269 GC heap before
{Heap before GC invocations=48 (full 0):
 garbage-first heap   total 268288K, used 234403K [0x0000000080000000, 0x0000000100000000)
  region size 1024K, 92 young (94208K), 14 survivors (14336K)
 Metaspace       used 103323K, committed 105920K, reserved 552960K
  class space    used 14510K, committed 15808K, reserved 421888K
}
Event: 50.294 GC heap after
{Heap after GC invocations=49 (full 0):
 garbage-first heap   total 268288K, used 160729K [0x0000000080000000, 0x0000000100000000)
  region size 1024K, 6 young (6144K), 6 survivors (6144K)
 Metaspace       used 103323K, committed 105920K, reserved 552960K
  class space    used 14510K, committed 15808K, reserved 421888K
}
Event: 50.343 GC heap before
{Heap before GC invocations=49 (full 0):
 garbage-first heap   total 268288K, used 162777K [0x0000000080000000, 0x0000000100000000)
  region size 1024K, 9 young (9216K), 6 survivors (6144K)
 Metaspace       used 103510K, committed 106176K, reserved 552960K
  class space    used 14552K, committed 15872K, reserved 421888K
}
Event: 50.353 GC heap after
{Heap after GC invocations=50 (full 0):
 garbage-first heap   total 268288K, used 160256K [0x0000000080000000, 0x0000000100000000)
  region size 1024K, 5 young (5120K), 5 survivors (5120K)
 Metaspace       used 103510K, committed 106176K, reserved 552960K
  class space    used 14552K, committed 15872K, reserved 421888K
}
Event: 52.343 GC heap before
{Heap before GC invocations=51 (full 0):
 garbage-first heap   total 296960K, used 241152K [0x0000000080000000, 0x0000000100000000)
  region size 1024K, 81 young (82944K), 5 survivors (5120K)
 Metaspace       used 106253K, committed 108992K, reserved 552960K
  class space    used 14980K, committed 16320K, reserved 421888K
}
Event: 52.361 GC heap after
{Heap after GC invocations=52 (full 0):
 garbage-first heap   total 296960K, used 173323K [0x0000000080000000, 0x0000000100000000)
  region size 1024K, 11 young (11264K), 11 survivors (11264K)
 Metaspace       used 106253K, committed 108992K, reserved 552960K
  class space    used 14980K, committed 16320K, reserved 421888K
}
Event: 53.836 GC heap before
{Heap before GC invocations=52 (full 0):
 garbage-first heap   total 296960K, used 257291K [0x0000000080000000, 0x0000000100000000)
  region size 1024K, 93 young (95232K), 11 survivors (11264K)
 Metaspace       used 109404K, committed 112128K, reserved 552960K
  class space    used 15382K, committed 16704K, reserved 421888K
}
Event: 53.862 GC heap after
{Heap after GC invocations=53 (full 0):
 garbage-first heap   total 296960K, used 178918K [0x0000000080000000, 0x0000000100000000)
  region size 1024K, 9 young (9216K), 9 survivors (9216K)
 Metaspace       used 109404K, committed 112128K, reserved 552960K
  class space    used 15382K, committed 16704K, reserved 421888K
}
Event: 54.993 GC heap before
{Heap before GC invocations=53 (full 0):
 garbage-first heap   total 296960K, used 261862K [0x0000000080000000, 0x0000000100000000)
  region size 1024K, 90 young (92160K), 9 survivors (9216K)
 Metaspace       used 109535K, committed 112256K, reserved 552960K
  class space    used 15392K, committed 16768K, reserved 421888K
}
Event: 55.025 GC heap after
{Heap after GC invocations=54 (full 0):
 garbage-first heap   total 296960K, used 192324K [0x0000000080000000, 0x0000000100000000)
  region size 1024K, 12 young (12288K), 12 survivors (12288K)
 Metaspace       used 109535K, committed 112256K, reserved 552960K
  class space    used 15392K, committed 16768K, reserved 421888K
}

