# JRE version: Java(TM) SE Runtime Environment (20.0+36) (build 20+36-2344)
# Java VM: Java HotSpot(TM) 64-Bit Server VM (20+36-2344, mixed mode, sharing, tiered, compressed oops, compressed class ptrs, g1 gc, windows-amd64)
GC Precious Log:
 CardTable entry size: 512
 Card Set container configuration: InlinePtr #cards 5 size 8 Array Of Cards #cards 12 size 40 Howl #buckets 4 coarsen threshold 1843 Howl Bitmap #cards 512 size 80 coarsen threshold 460 Card regions per heap region 1 cards per card region 2048
 CPUs: 4 total, 4 available
 Memory: 8072M
 Large Page Support: Disabled
 NUMA Support: Disabled
 Compressed Oops: Enabled (32-bit)
 Heap Region Size: 1M
 Heap Min Capacity: 8M
 Heap Initial Capacity: 128M
 Heap Max Capacity: 2G
 Pre-touch: Disabled
 Parallel Workers: 4
 Concurrent Workers: 1
 Concurrent Refinement Workers: 4
 Periodic GC: Disabled
Heap:
 garbage-first heap   total 379904K, used 290304K [0x0000000080000000, 0x0000000100000000)
  region size 1024K, 58 young (59392K), 13 survivors (13312K)
 Metaspace       used 116608K, committed 119488K, reserved 552960K
  class space    used 16248K, committed 17664K, reserved 421888K
GC Heap History (20 events):
Event: 44.424 GC heap before
{Heap before GC invocations=43 (full 0):
 garbage-first heap   total 266240K, used 244477K [0x0000000080000000, 0x0000000100000000)
  region size 1024K, 109 young (111616K), 6 survivors (6144K)
 Metaspace       used 101652K, committed 104320K, reserved 552960K
  class space    used 14310K, committed 15616K, reserved 421888K
}
Event: 44.450 GC heap after
{Heap after GC invocations=44 (full 0):
 garbage-first heap   total 266240K, used 153600K [0x0000000080000000, 0x0000000100000000)
  region size 1024K, 14 young (14336K), 14 survivors (14336K)
 Metaspace       used 101652K, committed 104320K, reserved 552960K
  class space    used 14310K, committed 15616K, reserved 421888K
}
Event: 46.087 GC heap before
{Heap before GC invocations=44 (full 0):
 garbage-first heap   total 266240K, used 240640K [0x0000000080000000, 0x0000000100000000)
  region size 1024K, 97 young (99328K), 14 survivors (14336K)
 Metaspace       used 102290K, committed 105024K, reserved 552960K
  class space    used 14423K, committed 15744K, reserved 421888K
}
Event: 46.115 GC heap after
{Heap after GC invocations=45 (full 0):
 garbage-first heap   total 268288K, used 164352K [0x0000000080000000, 0x0000000100000000)
  region size 1024K, 12 young (12288K), 12 survivors (12288K)
 Metaspace       used 102290K, committed 105024K, reserved 552960K
  class space    used 14423K, committed 15744K, reserved 421888K
}
Event: 47.913 GC heap before
{Heap before GC invocations=45 (full 0):
 garbage-first heap   total 268288K, used 241152K [0x0000000080000000, 0x0000000100000000)
  region size 1024K, 87 young (89088K), 12 survivors (12288K)
 Metaspace       used 106131K, committed 108864K, reserved 552960K
  class space    used 14959K, committed 16256K, reserved 421888K
}
Event: 47.932 GC heap after
{Heap after GC invocations=46 (full 0):
 garbage-first heap   total 268288K, used 170909K [0x0000000080000000, 0x0000000100000000)
  region size 1024K, 6 young (6144K), 6 survivors (6144K)
 Metaspace       used 106131K, committed 108864K, reserved 552960K
  class space    used 14959K, committed 16256K, reserved 421888K
}
Event: 49.319 GC heap before
{Heap before GC invocations=47 (full 0):
 garbage-first heap   total 316416K, used 244637K [0x0000000080000000, 0x0000000100000000)
  region size 1024K, 78 young (79872K), 6 survivors (6144K)
 Metaspace       used 109081K, committed 111808K, reserved 552960K
  class space    used 15329K, committed 16640K, reserved 421888K
}
Event: 49.338 GC heap after
{Heap after GC invocations=48 (full 0):
 garbage-first heap   total 316416K, used 178342K [0x0000000080000000, 0x0000000100000000)
  region size 1024K, 8 young (8192K), 8 survivors (8192K)
 Metaspace       used 109081K, committed 111808K, reserved 552960K
  class space    used 15329K, committed 16640K, reserved 421888K
}
Event: 50.888 GC heap before
{Heap before GC invocations=48 (full 0):
 garbage-first heap   total 316416K, used 283814K [0x0000000080000000, 0x0000000100000000)
  region size 1024K, 112 young (114688K), 8 survivors (8192K)
 Metaspace       used 109218K, committed 112000K, reserved 552960K
  class space    used 15342K, committed 16704K, reserved 421888K
}
Event: 50.926 GC heap after
{Heap after GC invocations=49 (full 0):
 garbage-first heap   total 316416K, used 192809K [0x0000000080000000, 0x0000000100000000)
  region size 1024K, 14 young (14336K), 14 survivors (14336K)
 Metaspace       used 109218K, committed 112000K, reserved 552960K
  class space    used 15342K, committed 16704K, reserved 421888K
}
Event: 52.511 GC heap before
{Heap before GC invocations=49 (full 0):
 garbage-first heap   total 316416K, used 284969K [0x0000000080000000, 0x0000000100000000)
  region size 1024K, 104 young (106496K), 14 survivors (14336K)
 Metaspace       used 109496K, committed 112256K, reserved 552960K
  class space    used 15371K, committed 16704K, reserved 421888K
}
Event: 52.553 GC heap after
{Heap after GC invocations=50 (full 0):
 garbage-first heap   total 316416K, used 200192K [0x0000000080000000, 0x0000000100000000)
  region size 1024K, 10 young (10240K), 10 survivors (10240K)
 Metaspace       used 109496K, committed 112256K, reserved 552960K
  class space    used 15371K, committed 16704K, reserved 421888K
}
Event: 53.513 GC heap before
{Heap before GC invocations=50 (full 0):
 garbage-first heap   total 316416K, used 286208K [0x0000000080000000, 0x0000000100000000)
  region size 1024K, 95 young (97280K), 10 survivors (10240K)
 Metaspace       used 109496K, committed 112256K, reserved 552960K
  class space    used 15371K, committed 16704K, reserved 421888K
}
Event: 53.536 GC heap after
{Heap after GC invocations=51 (full 0):
 garbage-first heap   total 379904K, used 203238K [0x0000000080000000, 0x0000000100000000)
  region size 1024K, 5 young (5120K), 5 survivors (5120K)
 Metaspace       used 109496K, committed 112256K, reserved 552960K
  class space    used 15371K, committed 16704K, reserved 421888K
}
Event: 56.800 GC heap before
{Heap before GC invocations=52 (full 0):
 garbage-first heap   total 379904K, used 345574K [0x0000000080000000, 0x0000000100000000)
  region size 1024K, 141 young (144384K), 5 survivors (5120K)
 Metaspace       used 110050K, committed 112896K, reserved 552960K
  class space    used 15435K, committed 16832K, reserved 421888K
}
Event: 56.829 GC heap after
{Heap after GC invocations=53 (full 0):
 garbage-first heap   total 379904K, used 218624K [0x0000000080000000, 0x0000000100000000)
  region size 1024K, 17 young (17408K), 17 survivors (17408K)
 Metaspace       used 110050K, committed 112896K, reserved 552960K
  class space    used 15435K, committed 16832K, reserved 421888K
}
Event: 60.458 GC heap before
{Heap before GC invocations=53 (full 0):
 garbage-first heap   total 379904K, used 339456K [0x0000000080000000, 0x0000000100000000)
  region size 1024K, 133 young (136192K), 17 survivors (17408K)
 Metaspace       used 115804K, committed 118656K, reserved 552960K
  class space    used 16180K, committed 17536K, reserved 421888K
}
Event: 60.510 GC heap after
{Heap after GC invocations=54 (full 0):
 garbage-first heap   total 379904K, used 232653K [0x0000000080000000, 0x0000000100000000)
  region size 1024K, 17 young (17408K), 17 survivors (17408K)
 Metaspace       used 115804K, committed 118656K, reserved 552960K
  class space    used 16180K, committed 17536K, reserved 421888K
}
Event: 63.118 GC heap before
{Heap before GC invocations=54 (full 0):
 garbage-first heap   total 379904K, used 341197K [0x0000000080000000, 0x0000000100000000)
  region size 1024K, 123 young (125952K), 17 survivors (17408K)
 Metaspace       used 116605K, committed 119488K, reserved 552960K
  class space    used 16246K, committed 17664K, reserved 421888K
}
Event: 63.160 GC heap after
{Heap after GC invocations=55 (full 0):
 garbage-first heap   total 379904K, used 245248K [0x0000000080000000, 0x0000000100000000)
  region size 1024K, 13 young (13312K), 13 survivors (13312K)
 Metaspace       used 116605K, committed 119488K, reserved 552960K
  class space    used 16246K, committed 17664K, reserved 421888K
}

